<?xml version="1.0" encoding="UTF-8"?>
<!-- Generated by org.testng.reporters.JUnitReportReporter -->
<testsuite skipped="0" hostname="DESKTOP-56UM7GO" name="ecommerce.ecom" tests="6" failures="0" timestamp="2022-01-08T21:23:27 IST" time="20.588" errors="0">
  <testcase name="login" time="8.012" classname="ecommerce.ecom"/>
  <system-out/>
  <testcase name="get_all_product" time="5.219" classname="ecommerce.ecom"/>
  <system-out/>
  <testcase name="create_product" time="1.918" classname="ecommerce.ecom"/>
  <system-out/>
  <testcase name="get_product_by_id" time="1.816" classname="ecommerce.ecom"/>
  <system-out/>
  <testcase name="update_product_by_id" time="1.793" classname="ecommerce.ecom"/>
  <system-out/>
  <testcase name="delete" time="1.830" classname="ecommerce.ecom"/>
  <system-out/>
</testsuite> <!-- ecommerce.ecom -->
